[00:27:35] [main/INFO] (FabricLoader/GameProvider) Loading Minecraft 1.21.4 with Fabric Loader 0.16.14
[00:27:35] [main/INFO] (FabricLoader) Loading 54 mods:
	- crackton 1.0.4
	- devauth 1.2.0
	- fabric-api 0.110.5+1.21.4
	- fabric-api-base 0.4.52+8ca5486f82
	- fabric-api-lookup-api-v1 1.6.83+7feeb73382
	- fabric-biome-api-v1 15.0.3+f12498d082
	- fabric-block-api-v1 1.0.30+7feeb73382
	- fabric-block-view-api-v2 1.0.18+7feeb73382
	- fabric-blockrenderlayer-v1 2.0.6+7feeb73382
	- fabric-client-tags-api-v1 1.1.26+7feeb73382
	- fabric-command-api-v1 1.2.60+f71b366f82
	- fabric-command-api-v2 2.2.39+e496eb1582
	- fabric-commands-v0 0.2.77+df3654b382
	- fabric-content-registries-v0 9.1.11+7feeb73382
	- fabric-convention-tags-v1 2.1.5+7f945d5b82
	- fabric-convention-tags-v2 2.9.5+15afce7982
	- fabric-crash-report-info-v1 0.3.5+7feeb73382
	- fabric-data-attachment-api-v1 1.4.2+9aea556b82
	- fabric-data-generation-api-v1 22.1.1+5bea021682
	- fabric-dimensions-v1 4.0.9+7feeb73382
	- fabric-entity-events-v1 2.0.10+60fccc7682
	- fabric-events-interaction-v0 4.0.0+a4eebcf082
	- fabric-game-rule-api-v1 1.0.61+7feeb73382
	- fabric-gametest-api-v1 2.0.18+7feeb73382
	- fabric-item-api-v1 11.1.11+203e6b2382
	- fabric-item-group-api-v1 4.1.20+7feeb73382
	- fabric-key-binding-api-v1 1.0.55+7feeb73382
	- fabric-keybindings-v0 0.2.53+df3654b382
	- fabric-lifecycle-events-v1 2.5.2+bf2a60eb82
	- fabric-loot-api-v2 3.0.30+3f89f5a582
	- fabric-loot-api-v3 1.0.18+203e6b2382
	- fabric-message-api-v1 6.0.23+7feeb73382
	- fabric-model-loading-api-v1 4.0.1+84404cdd82
	- fabric-networking-api-v1 4.3.7+cc0fa2fe82
	- fabric-object-builder-api-v1 18.0.4+6383078582
	- fabric-particles-v1 4.0.12+7feeb73382
	- fabric-recipe-api-v1 8.0.2+203e6b2382
	- fabric-registry-sync-v0 6.0.0+cc0fa2fe82
	- fabric-renderer-api-v1 5.0.0+84404cdd82
	- fabric-renderer-indigo 2.0.0+84404cdd82
	- fabric-rendering-data-attachment-v1 0.3.56+73761d2e82
	- fabric-rendering-fluids-v1 3.1.17+7feeb73382
	- fabric-rendering-v1 10.0.0+6a293bdb82
	- fabric-resource-conditions-api-v1 5.0.12+203e6b2382
	- fabric-resource-loader-v0 3.0.9+203e6b2382
	- fabric-screen-api-v1 2.0.36+7feeb73382
	- fabric-screen-handler-api-v1 1.3.105+7feeb73382
	- fabric-sound-api-v1 1.0.31+7feeb73382
	- fabric-transfer-api-v1 5.4.5+1885ad7482
	- fabric-transitive-access-wideners-v1 6.3.1+56e78b9b82
	- fabricloader 0.16.14
	- java 21
	- minecraft 1.21.4
	- mixinextras 0.4.1
[00:27:35] [main/INFO] (FabricLoader/Mixin) SpongePowered MIXIN Subsystem Version=0.8.7 Source=file:/C:/Users/Snow/.gradle/caches/modules-2/files-2.1/net.fabricmc/sponge-mixin/0.15.5+mixin.0.8.7/22f9eb729e216a091673a574a5906dc1b9027fb3/sponge-mixin-0.15.5+mixin.0.8.7.jar Service=Knot/Fabric Env=CLIENT
[00:27:35] [main/INFO] (FabricLoader/Mixin) Loaded Fabric development mappings for mixin remapper!
[00:27:36] [main/INFO] (FabricLoader/Mixin) Compatibility level set to JAVA_21
[00:27:36] [main/INFO] (FabricLoader/MixinExtras|Service) Initializing MixinExtras via com.llamalad7.mixinextras.service.MixinExtrasServiceImpl(version=0.4.1).
[00:27:36] [main/INFO] (DevAuth) DevAuth disabled, not logging in!
[00:27:37] [Datafixer Bootstrap/INFO] (Minecraft) 243 Datafixer optimizations took 337 milliseconds
[00:27:42] [Render thread/INFO] (Minecraft) Environment: Environment[sessionHost=https://sessionserver.mojang.com, servicesHost=https://api.minecraftservices.com, name=PROD]
[00:27:42] [Render thread/INFO] (Minecraft) Setting user: Player803
[00:27:42] [Render thread/INFO] (crackton) Crackton Initialized!
[00:27:42] [Render thread/INFO] (crackton) Configuration initialized with default values
[00:27:42] [Render thread/INFO] (crackton) Registered module: TriggerBot
[00:27:42] [Render thread/INFO] (crackton) Registered module: Hover Totem
[00:27:42] [Render thread/INFO] (crackton) Registered module: FastPlace
[00:27:42] [Render thread/INFO] (crackton) Registered module: PlayerESP
[00:27:42] [Render thread/INFO] (crackton) Registered module: AntiTrap
[00:27:42] [Render thread/INFO] (crackton) Registered module: AutoBoneDropper
[00:27:42] [Render thread/INFO] (crackton) Registered module: AutoFirework
[00:27:42] [Render thread/INFO] (crackton) Registered module: TargetHUD
[00:27:42] [Render thread/INFO] (crackton) Registered module: BlockOutline
[00:27:42] [Render thread/INFO] (crackton) Registered module: FakePlayer
[00:27:42] [Render thread/INFO] (crackton) Module Manager initialized with 10 modules
[00:27:42] [Render thread/INFO] (Indigo) [Indigo] Registering Indigo renderer!
[00:27:42] [Render thread/INFO] (Minecraft) Backend library: LWJGL version 3.3.3-snapshot
[00:27:43] [Render thread/INFO] (Minecraft) Reloading ResourceManager: vanilla, fabric, crackton, devauth, fabric-api, fabric-api-base, fabric-api-lookup-api-v1, fabric-biome-api-v1, fabric-block-api-v1, fabric-block-view-api-v2, fabric-blockrenderlayer-v1, fabric-client-tags-api-v1, fabric-command-api-v1, fabric-command-api-v2, fabric-commands-v0, fabric-content-registries-v0, fabric-convention-tags-v1, fabric-convention-tags-v2, fabric-crash-report-info-v1, fabric-data-attachment-api-v1, fabric-data-generation-api-v1, fabric-dimensions-v1, fabric-entity-events-v1, fabric-events-interaction-v0, fabric-game-rule-api-v1, fabric-gametest-api-v1, fabric-item-api-v1, fabric-item-group-api-v1, fabric-key-binding-api-v1, fabric-keybindings-v0, fabric-lifecycle-events-v1, fabric-loot-api-v2, fabric-loot-api-v3, fabric-message-api-v1, fabric-model-loading-api-v1, fabric-networking-api-v1, fabric-object-builder-api-v1, fabric-particles-v1, fabric-recipe-api-v1, fabric-registry-sync-v0, fabric-renderer-api-v1, fabric-renderer-indigo, fabric-rendering-data-attachment-v1, fabric-rendering-fluids-v1, fabric-rendering-v1, fabric-resource-conditions-api-v1, fabric-resource-loader-v0, fabric-screen-api-v1, fabric-screen-handler-api-v1, fabric-sound-api-v1, fabric-transfer-api-v1, fabric-transitive-access-wideners-v1, fabricloader
[00:27:43] [Worker-Main-10/INFO] (Minecraft) Found unifont_all_no_pua-16.0.01.hex, loading
[00:27:44] [Worker-Main-8/INFO] (Minecraft) Found unifont_jp_patch-16.0.01.hex, loading
[00:27:45] [Render thread/INFO] (Minecraft) OpenAL initialized on device OpenAL Soft on Headphones (Peres AirPods Pro - Find My)
[00:27:45] [Render thread/INFO] (Minecraft) Sound engine started
[00:27:45] [Render thread/INFO] (Minecraft) Created: 1024x512x0 minecraft:textures/atlas/blocks.png-atlas
[00:27:45] [Render thread/INFO] (Minecraft) Created: 256x256x0 minecraft:textures/atlas/signs.png-atlas
[00:27:45] [Render thread/INFO] (Minecraft) Created: 512x512x0 minecraft:textures/atlas/banner_patterns.png-atlas
[00:27:45] [Render thread/INFO] (Minecraft) Created: 512x512x0 minecraft:textures/atlas/shield_patterns.png-atlas
[00:27:45] [Render thread/INFO] (Minecraft) Created: 2048x1024x0 minecraft:textures/atlas/armor_trims.png-atlas
[00:27:45] [Render thread/INFO] (Minecraft) Created: 256x256x0 minecraft:textures/atlas/chest.png-atlas
[00:27:45] [Render thread/INFO] (Minecraft) Created: 128x64x0 minecraft:textures/atlas/decorated_pot.png-atlas
[00:27:45] [Render thread/INFO] (Minecraft) Created: 512x256x0 minecraft:textures/atlas/beds.png-atlas
[00:27:45] [Render thread/INFO] (Minecraft) Created: 512x256x0 minecraft:textures/atlas/shulker_boxes.png-atlas
[00:27:45] [Render thread/INFO] (Minecraft) Created: 64x64x0 minecraft:textures/atlas/map_decorations.png-atlas
[00:27:45] [Render thread/INFO] (Minecraft) Created: 512x256x0 minecraft:textures/atlas/particles.png-atlas
[00:27:45] [Render thread/INFO] (Minecraft) Created: 512x256x0 minecraft:textures/atlas/paintings.png-atlas
[00:27:45] [Render thread/INFO] (Minecraft) Created: 256x128x0 minecraft:textures/atlas/mob_effects.png-atlas
[00:27:45] [Render thread/INFO] (Minecraft) Created: 1024x512x0 minecraft:textures/atlas/gui.png-atlas
[00:28:13] [Render thread/INFO] (Minecraft) Loaded 1370 recipes
[00:28:13] [Render thread/INFO] (Minecraft) Loaded 1481 advancements
[00:28:23] [Render thread/INFO] (BiomeModificationImpl) Applied 0 biome modifications to 0 of 65 new biomes in 1.052 ms
[00:28:23] [Server thread/INFO] (Minecraft) Starting integrated minecraft server version 1.21.4
[00:28:23] [Server thread/INFO] (Minecraft) Generating keypair
[00:28:23] [Server thread/INFO] (Minecraft) Preparing start region for dimension minecraft:overworld
[00:28:24] [Render thread/INFO] (Minecraft) Preparing spawn area: 0%
[00:28:24] [Render thread/INFO] (Minecraft) Preparing spawn area: 0%
[00:28:24] [Render thread/INFO] (Minecraft) Time elapsed: 753 ms
[00:28:24] [Server thread/INFO] (Minecraft) Changing view distance to 32, from 10
[00:28:24] [Server thread/INFO] (Minecraft) Changing simulation distance to 5, from 0
[00:28:25] [Server thread/INFO] (Minecraft) Player803[local:E:a1153887] logged in with entity id 65 at (0.33781857364962964, 73.0, 80.49505689519769)
[00:28:25] [Server thread/INFO] (Minecraft) Player803 joined the game
[00:28:27] [Render thread/INFO] (Minecraft) Loaded 4 advancements
[00:28:30] [Server thread/INFO] (Minecraft) Saving and pausing game...
[00:28:30] [Server thread/INFO] (Minecraft) Saving chunks for level 'ServerLevel[Testing]'/minecraft:overworld
[00:28:30] [Server thread/INFO] (Minecraft) Saving chunks for level 'ServerLevel[Testing]'/minecraft:the_end
[00:28:30] [Server thread/INFO] (Minecraft) Saving chunks for level 'ServerLevel[Testing]'/minecraft:the_nether
[00:28:32] [Render thread/INFO] (Minecraft) [System] [CHAT] [Crackton] FakePlayer enabled
[00:28:33] [Render thread/INFO] (Minecraft) [System] [CHAT] [Crackton] FastPlace enabled
[00:28:38] [Render thread/INFO] (Minecraft) [System] [CHAT] [Crackton] FakePlayer disabled
[00:28:39] [Render thread/INFO] (Minecraft) [System] [CHAT] [Crackton] FastPlace disabled
[00:28:41] [Render thread/INFO] (Minecraft) [System] [CHAT] [Crackton] FakePlayer enabled
[00:28:42] [Render thread/INFO] (Minecraft) [System] [CHAT] [Crackton] PlayerESP enabled
[00:28:47] [Render thread/INFO] (Minecraft) [System] [CHAT] [Crackton] TargetHUD enabled
[00:28:47] [Render thread/INFO] (Minecraft) [System] [CHAT] [Crackton] TargetHUD disabled
[00:28:48] [Render thread/INFO] (Minecraft) [System] [CHAT] [Crackton] TriggerBot enabled
[00:28:49] [Render thread/INFO] (Minecraft) [System] [CHAT] [Crackton] Hover Totem enabled
[00:28:50] [Render thread/INFO] (Minecraft) [System] [CHAT] [Crackton] FastPlace enabled
[00:28:55] [Render thread/INFO] (Minecraft) [System] [CHAT] [Crackton] AutoFirework enabled
[00:29:04] [Render thread/INFO] (Minecraft) Stopping!
[00:29:05] [Server thread/INFO] (Minecraft) Player803 lost connection: Disconnected
[00:29:05] [Server thread/INFO] (Minecraft) Player803 left the game
[00:29:05] [Server thread/INFO] (Minecraft) Stopping singleplayer server as player logged out
[00:29:05] [Server thread/INFO] (Minecraft) Stopping server
[00:29:05] [Server thread/INFO] (Minecraft) Saving players
[00:29:05] [Server thread/INFO] (Minecraft) Saving worlds
[00:29:05] [Server thread/INFO] (Minecraft) Saving chunks for level 'ServerLevel[Testing]'/minecraft:overworld
[00:29:05] [Server thread/INFO] (Minecraft) Saving chunks for level 'ServerLevel[Testing]'/minecraft:the_end
[00:29:05] [Server thread/INFO] (Minecraft) Saving chunks for level 'ServerLevel[Testing]'/minecraft:the_nether
[00:29:05] [Server thread/INFO] (Minecraft) ThreadedAnvilChunkStorage (Testing): All chunks are saved
[00:29:05] [Server thread/INFO] (Minecraft) ThreadedAnvilChunkStorage (DIM1): All chunks are saved
[00:29:05] [Server thread/INFO] (Minecraft) ThreadedAnvilChunkStorage (DIM-1): All chunks are saved
[00:29:05] [Server thread/INFO] (Minecraft) ThreadedAnvilChunkStorage: All dimensions are saved
